<?xml version="1.0" encoding="UTF-8" standalone="yes"?><!DOCTYPE report PUBLIC "-//JACOCO//DTD Report 1.1//EN" "report.dtd"><report name="bookstore-core"><sessioninfo id="Peschereccio-Mint-a7d01e6" start="1609086815741" dump="1609086815985"/><package name="piero/aldinucci/apt/bookstore/repositories"><class name="piero/aldinucci/apt/bookstore/repositories/AuthorRepository" sourcefilename="AuthorRepository.java"/><class name="piero/aldinucci/apt/bookstore/repositories/BookRepository" sourcefilename="BookRepository.java"/><sourcefile name="AuthorRepository.java"/><sourcefile name="BookRepository.java"/></package><package name="piero/aldinucci/apt/bookstore/model"><class name="piero/aldinucci/apt/bookstore/model/Book" sourcefilename="Book.java"><method name="&lt;init&gt;" desc="(Ljava/lang/Long;Ljava/lang/String;Ljava/util/Set;)V" line="11"><counter type="INSTRUCTION" missed="12" covered="0"/><counter type="LINE" missed="5" covered="0"/><counter type="COMPLEXITY" missed="1" covered="0"/><counter type="METHOD" missed="1" covered="0"/></method><method name="getId" desc="()Ljava/lang/Long;" line="18"><counter type="INSTRUCTION" missed="3" covered="0"/><counter type="LINE" missed="1" covered="0"/><counter type="COMPLEXITY" missed="1" covered="0"/><counter type="METHOD" missed="1" covered="0"/></method><method name="setId" desc="(Ljava/lang/Long;)V" line="22"><counter type="INSTRUCTION" missed="4" covered="0"/><counter type="LINE" missed="2" covered="0"/><counter type="COMPLEXITY" missed="1" covered="0"/><counter type="METHOD" missed="1" covered="0"/></method><method name="getTitle" desc="()Ljava/lang/String;" line="26"><counter type="INSTRUCTION" missed="3" covered="0"/><counter type="LINE" missed="1" covered="0"/><counter type="COMPLEXITY" missed="1" covered="0"/><counter type="METHOD" missed="1" covered="0"/></method><method name="setTitle" desc="(Ljava/lang/String;)V" line="30"><counter type="INSTRUCTION" missed="4" covered="0"/><counter type="LINE" missed="2" covered="0"/><counter type="COMPLEXITY" missed="1" covered="0"/><counter type="METHOD" missed="1" covered="0"/></method><method name="getAuthors" desc="()Ljava/util/Set;" line="34"><counter type="INSTRUCTION" missed="3" covered="0"/><counter type="LINE" missed="1" covered="0"/><counter type="COMPLEXITY" missed="1" covered="0"/><counter type="METHOD" missed="1" covered="0"/></method><method name="setAuthors" desc="(Ljava/util/Set;)V" line="38"><counter type="INSTRUCTION" missed="4" covered="0"/><counter type="LINE" missed="2" covered="0"/><counter type="COMPLEXITY" missed="1" covered="0"/><counter type="METHOD" missed="1" covered="0"/></method><method name="hashCode" desc="()I" line="43"><counter type="INSTRUCTION" missed="19" covered="0"/><counter type="BRANCH" missed="2" covered="0"/><counter type="LINE" missed="4" covered="0"/><counter type="COMPLEXITY" missed="2" covered="0"/><counter type="METHOD" missed="1" covered="0"/></method><method name="equals" desc="(Ljava/lang/Object;)Z" line="51"><counter type="INSTRUCTION" missed="37" covered="0"/><counter type="BRANCH" missed="12" covered="0"/><counter type="LINE" missed="13" covered="0"/><counter type="COMPLEXITY" missed="7" covered="0"/><counter type="METHOD" missed="1" covered="0"/></method><method name="toString" desc="()Ljava/lang/String;" line="68"><counter type="INSTRUCTION" missed="17" covered="0"/><counter type="LINE" missed="1" covered="0"/><counter type="COMPLEXITY" missed="1" covered="0"/><counter type="METHOD" missed="1" covered="0"/></method><counter type="INSTRUCTION" missed="106" covered="0"/><counter type="BRANCH" missed="14" covered="0"/><counter type="LINE" missed="32" covered="0"/><counter type="COMPLEXITY" missed="17" covered="0"/><counter type="METHOD" missed="10" covered="0"/><counter type="CLASS" missed="1" covered="0"/></class><class name="piero/aldinucci/apt/bookstore/model/Author" sourcefilename="Author.java"><method name="&lt;init&gt;" desc="(Ljava/lang/Long;Ljava/lang/String;Ljava/util/Set;)V" line="11"><counter type="INSTRUCTION" missed="0" covered="12"/><counter type="LINE" missed="0" covered="5"/><counter type="COMPLEXITY" missed="0" covered="1"/><counter type="METHOD" missed="0" covered="1"/></method><method name="getId" desc="()Ljava/lang/Long;" line="18"><counter type="INSTRUCTION" missed="3" covered="0"/><counter type="LINE" missed="1" covered="0"/><counter type="COMPLEXITY" missed="1" covered="0"/><counter type="METHOD" missed="1" covered="0"/></method><method name="setId" desc="(Ljava/lang/Long;)V" line="22"><counter type="INSTRUCTION" missed="4" covered="0"/><counter type="LINE" missed="2" covered="0"/><counter type="COMPLEXITY" missed="1" covered="0"/><counter type="METHOD" missed="1" covered="0"/></method><method name="getName" desc="()Ljava/lang/String;" line="26"><counter type="INSTRUCTION" missed="0" covered="3"/><counter type="LINE" missed="0" covered="1"/><counter type="COMPLEXITY" missed="0" covered="1"/><counter type="METHOD" missed="0" covered="1"/></method><method name="setName" desc="(Ljava/lang/String;)V" line="30"><counter type="INSTRUCTION" missed="4" covered="0"/><counter type="LINE" missed="2" covered="0"/><counter type="COMPLEXITY" missed="1" covered="0"/><counter type="METHOD" missed="1" covered="0"/></method><method name="getBooks" desc="()Ljava/util/Set;" line="34"><counter type="INSTRUCTION" missed="3" covered="0"/><counter type="LINE" missed="1" covered="0"/><counter type="COMPLEXITY" missed="1" covered="0"/><counter type="METHOD" missed="1" covered="0"/></method><method name="setBooks" desc="(Ljava/util/Set;)V" line="38"><counter type="INSTRUCTION" missed="4" covered="0"/><counter type="LINE" missed="2" covered="0"/><counter type="COMPLEXITY" missed="1" covered="0"/><counter type="METHOD" missed="1" covered="0"/></method><method name="hashCode" desc="()I" line="43"><counter type="INSTRUCTION" missed="19" covered="0"/><counter type="BRANCH" missed="2" covered="0"/><counter type="LINE" missed="4" covered="0"/><counter type="COMPLEXITY" missed="2" covered="0"/><counter type="METHOD" missed="1" covered="0"/></method><method name="equals" desc="(Ljava/lang/Object;)Z" line="51"><counter type="INSTRUCTION" missed="37" covered="0"/><counter type="BRANCH" missed="12" covered="0"/><counter type="LINE" missed="13" covered="0"/><counter type="COMPLEXITY" missed="7" covered="0"/><counter type="METHOD" missed="1" covered="0"/></method><method name="toString" desc="()Ljava/lang/String;" line="68"><counter type="INSTRUCTION" missed="17" covered="0"/><counter type="LINE" missed="1" covered="0"/><counter type="COMPLEXITY" missed="1" covered="0"/><counter type="METHOD" missed="1" covered="0"/></method><counter type="INSTRUCTION" missed="91" covered="15"/><counter type="BRANCH" missed="14" covered="0"/><counter type="LINE" missed="26" covered="6"/><counter type="COMPLEXITY" missed="15" covered="2"/><counter type="METHOD" missed="8" covered="2"/><counter type="CLASS" missed="0" covered="1"/></class><sourcefile name="Author.java"><line nr="11" mi="0" ci="2" mb="0" cb="0"/><line nr="12" mi="0" ci="3" mb="0" cb="0"/><line nr="13" mi="0" ci="3" mb="0" cb="0"/><line nr="14" mi="0" ci="3" mb="0" cb="0"/><line nr="15" mi="0" ci="1" mb="0" cb="0"/><line nr="18" mi="3" ci="0" mb="0" cb="0"/><line nr="22" mi="3" ci="0" mb="0" cb="0"/><line nr="23" mi="1" ci="0" mb="0" cb="0"/><line nr="26" mi="0" ci="3" mb="0" cb="0"/><line nr="30" mi="3" ci="0" mb="0" cb="0"/><line nr="31" mi="1" ci="0" mb="0" cb="0"/><line nr="34" mi="3" ci="0" mb="0" cb="0"/><line nr="38" mi="3" ci="0" mb="0" cb="0"/><line nr="39" mi="1" ci="0" mb="0" cb="0"/><line nr="43" mi="2" ci="0" mb="0" cb="0"/><line nr="44" mi="2" ci="0" mb="0" cb="0"/><line nr="45" mi="13" ci="0" mb="2" cb="0"/><line nr="46" mi="2" ci="0" mb="0" cb="0"/><line nr="51" mi="3" ci="0" mb="2" cb="0"/><line nr="52" mi="2" ci="0" mb="0" cb="0"/><line nr="53" mi="2" ci="0" mb="2" cb="0"/><line nr="54" mi="2" ci="0" mb="0" cb="0"/><line nr="55" mi="5" ci="0" mb="2" cb="0"/><line nr="56" mi="2" ci="0" mb="0" cb="0"/><line nr="57" mi="3" ci="0" mb="0" cb="0"/><line nr="58" mi="3" ci="0" mb="2" cb="0"/><line nr="59" mi="3" ci="0" mb="2" cb="0"/><line nr="60" mi="2" ci="0" mb="0" cb="0"/><line nr="61" mi="6" ci="0" mb="2" cb="0"/><line nr="62" mi="2" ci="0" mb="0" cb="0"/><line nr="63" mi="2" ci="0" mb="0" cb="0"/><line nr="68" mi="17" ci="0" mb="0" cb="0"/><counter type="INSTRUCTION" missed="91" covered="15"/><counter type="BRANCH" missed="14" covered="0"/><counter type="LINE" missed="26" covered="6"/><counter type="COMPLEXITY" missed="15" covered="2"/><counter type="METHOD" missed="8" covered="2"/><counter type="CLASS" missed="0" covered="1"/></sourcefile><sourcefile name="Book.java"><line nr="11" mi="2" ci="0" mb="0" cb="0"/><line nr="12" mi="3" ci="0" mb="0" cb="0"/><line nr="13" mi="3" ci="0" mb="0" cb="0"/><line nr="14" mi="3" ci="0" mb="0" cb="0"/><line nr="15" mi="1" ci="0" mb="0" cb="0"/><line nr="18" mi="3" ci="0" mb="0" cb="0"/><line nr="22" mi="3" ci="0" mb="0" cb="0"/><line nr="23" mi="1" ci="0" mb="0" cb="0"/><line nr="26" mi="3" ci="0" mb="0" cb="0"/><line nr="30" mi="3" ci="0" mb="0" cb="0"/><line nr="31" mi="1" ci="0" mb="0" cb="0"/><line nr="34" mi="3" ci="0" mb="0" cb="0"/><line nr="38" mi="3" ci="0" mb="0" cb="0"/><line nr="39" mi="1" ci="0" mb="0" cb="0"/><line nr="43" mi="2" ci="0" mb="0" cb="0"/><line nr="44" mi="2" ci="0" mb="0" cb="0"/><line nr="45" mi="13" ci="0" mb="2" cb="0"/><line nr="46" mi="2" ci="0" mb="0" cb="0"/><line nr="51" mi="3" ci="0" mb="2" cb="0"/><line nr="52" mi="2" ci="0" mb="0" cb="0"/><line nr="53" mi="2" ci="0" mb="2" cb="0"/><line nr="54" mi="2" ci="0" mb="0" cb="0"/><line nr="55" mi="5" ci="0" mb="2" cb="0"/><line nr="56" mi="2" ci="0" mb="0" cb="0"/><line nr="57" mi="3" ci="0" mb="0" cb="0"/><line nr="58" mi="3" ci="0" mb="2" cb="0"/><line nr="59" mi="3" ci="0" mb="2" cb="0"/><line nr="60" mi="2" ci="0" mb="0" cb="0"/><line nr="61" mi="6" ci="0" mb="2" cb="0"/><line nr="62" mi="2" ci="0" mb="0" cb="0"/><line nr="63" mi="2" ci="0" mb="0" cb="0"/><line nr="68" mi="17" ci="0" mb="0" cb="0"/><counter type="INSTRUCTION" missed="106" covered="0"/><counter type="BRANCH" missed="14" covered="0"/><counter type="LINE" missed="32" covered="0"/><counter type="COMPLEXITY" missed="17" covered="0"/><counter type="METHOD" missed="10" covered="0"/><counter type="CLASS" missed="1" covered="0"/></sourcefile><counter type="INSTRUCTION" missed="197" covered="15"/><counter type="BRANCH" missed="28" covered="0"/><counter type="LINE" missed="58" covered="6"/><counter type="COMPLEXITY" missed="32" covered="2"/><counter type="METHOD" missed="18" covered="2"/><counter type="CLASS" missed="1" covered="1"/></package><package name="piero/aldinucci/apt/bookstore/transaction"><class name="piero/aldinucci/apt/bookstore/transaction/TransactionCode" sourcefilename="TransactionCode.java"/><class name="piero/aldinucci/apt/bookstore/transaction/TransactionManager" sourcefilename="TransactionManager.java"/><sourcefile name="TransactionCode.java"/><sourcefile name="TransactionManager.java"/></package><counter type="INSTRUCTION" missed="197" covered="15"/><counter type="BRANCH" missed="28" covered="0"/><counter type="LINE" missed="58" covered="6"/><counter type="COMPLEXITY" missed="32" covered="2"/><counter type="METHOD" missed="18" covered="2"/><counter type="CLASS" missed="1" covered="1"/></report>